c:\users\p2p23\source\repos\c meeting\c meeting\debug\vc143.pdb
c:\users\p2p23\source\repos\c meeting\c meeting\debug\vc143.idb
c:\users\p2p23\source\repos\c meeting\c meeting\debug\while(구구단).obj
c:\users\p2p23\source\repos\c meeting\c meeting\debug\for(구구단).obj
c:\users\p2p23\source\repos\c meeting\c meeting\debug\do while(구구단).obj
c:\users\나준희\desktop\c meeting\c meeting\debug\do while(구구단).obj
c:\users\나준희\desktop\c meeting\c meeting\debug\do while.obj
c:\users\나준희\desktop\c meeting\c meeting\debug\do while구구단.obj
c:\users\나준희\desktop\c meeting\c meeting\debug\for(구구단).obj
c:\users\나준희\desktop\c meeting\c meeting\debug\for.obj
c:\users\나준희\desktop\c meeting\c meeting\debug\for구구단.obj
c:\users\나준희\desktop\c meeting\c meeting\debug\for별.obj
c:\users\나준희\desktop\c meeting\c meeting\debug\while(구구단).obj
c:\users\나준희\desktop\c meeting\c meeting\debug\while.obj
c:\users\나준희\desktop\c meeting\c meeting\debug\while구구단.obj
c:\users\나준희\desktop\c meeting\c meeting\debug\c meeting.ilk
c:\users\나준희\desktop\c meeting\c meeting\debug\vc142.idb
c:\users\나준희\desktop\c meeting\c meeting\debug\vc143.idb
c:\users\나준희\desktop\c meeting\c meeting\debug\vc142.pdb
c:\users\나준희\desktop\c meeting\c meeting\debug\vc143.pdb
c:\users\나준희\desktop\c meeting\debug\c meeting.pdb
c:\users\나준희\desktop\c meeting\c meeting\debug\c meeting.tlog\cl.command.1.tlog
c:\users\나준희\desktop\c meeting\c meeting\debug\c meeting.tlog\cl.read.1.tlog
c:\users\나준희\desktop\c meeting\c meeting\debug\c meeting.tlog\cl.write.1.tlog
c:\users\나준희\desktop\c meeting\c meeting\debug\c meeting.tlog\link-cvtres.read.1.tlog
c:\users\나준희\desktop\c meeting\c meeting\debug\c meeting.tlog\link-cvtres.write.1.tlog
c:\users\나준희\desktop\c meeting\c meeting\debug\c meeting.tlog\link-rc.read.1.tlog
c:\users\나준희\desktop\c meeting\c meeting\debug\c meeting.tlog\link-rc.write.1.tlog
c:\users\나준희\desktop\c meeting\c meeting\debug\c meeting.tlog\link.command.1.tlog
c:\users\나준희\desktop\c meeting\c meeting\debug\c meeting.tlog\link.read.1.tlog
c:\users\나준희\desktop\c meeting\c meeting\debug\c meeting.tlog\link.write.1.tlog
